main.app Начало работы пользователем - 458092091
main.app Пользователя 458092091 уже существует
main.app Пользователь 458092091 ввел команду Общая информация 👊
main.app Пользователь 458092091 ввел команду Как меня зовут?
main.app Пользователь 458092091 ввел команду Что я могу?
main.app Пользователь 458092091 ввел команду Что я могу?
main.app Пользователь 458092091 ввел команду /high
main.app Успешное выполнение команды /high для пользователя 458092091
main.app Пользователь 458092091 ввел команду /low
main.app Успешное выполнение команды /low для пользователя 458092091
main.app Пользователь 458092091 ввел команду /custom
main.app 458092091 - В данном диапазоне нет значений
main.app Начало работы пользователем - 458092091
main.app Пользователя 458092091 уже существует
main.app Пользователь 458092091 ввел команду Общая информация 👊
main.app Начало работы пользователем - 458092091
main.app Пользователя 458092091 уже существует
main.app Пользователь 458092091 ввел команду --Общая информация 👊--
main.app Пользователь 458092091 ввел команду --Что я могу?--
main.app Пользователь 458092091 ввел команду Что я могу?
main.app Пользователь 458092091 ввел команду --Вернуться в главное меню--
main.database.orm_req Добавление еды:
main.database.orm_req Добавление еды:
main.database.orm_req Добавление еды:
main.database.orm_req Добавление еды:
main.database.orm_req Добавление еды:
main.database.orm_req Добавление еды:
main.database.orm_req Добавление еды:
main.database.orm_req Добавление еды:
main.database.orm_req Добавление еды:
main.database.orm_req Добавление еды:
main.database.orm_req Добавление еды:
main.database.orm_req Добавление еды:
main.database.orm_req Добавление еды:
main.database.orm_req Добавление еды:
main.database.orm_req Добавление еды:
main.database.orm_req Добавление еды:
main.database.orm_req Добавление еды:
main.database.orm_req Добавление еды:
main.database.orm_req Добавление еды:
main.database.orm_req Добавление еды:
main.database.orm_req Добавление еды:
main.api Такой элемент уже есть
main.database.orm_req Добавление еды:
main.api Такой элемент уже есть
main.database.orm_req Добавление еды:
main.api Такой элемент уже есть
main.database.orm_req Добавление еды:
main.api Такой элемент уже есть
main.database.orm_req Добавление еды:
main.api Такой элемент уже есть
main.database.orm_req Добавление еды:
main.api Такой элемент уже есть
main.database.orm_req Добавление еды:
main.api Такой элемент уже есть
main.database.orm_req Добавление еды:
main.api Такой элемент уже есть
main.database.orm_req Добавление еды:
main.api Такой элемент уже есть
main.database.orm_req Добавление еды:
main.api Такой элемент уже есть
main.database.orm_req Добавление еды:
main.api Такой элемент уже есть
main.database.orm_req Добавление еды:
main.api Такой элемент уже есть
main.database.orm_req Добавление еды:
main.api Такой элемент уже есть
main.database.orm_req Добавление еды:
main.api Такой элемент уже есть
main.database.orm_req Добавление еды:
main.api Такой элемент уже есть
main.database.orm_req Добавление еды:
main.api Такой элемент уже есть
main.database.orm_req Добавление еды:
main.api Такой элемент уже есть
main.database.orm_req Добавление еды:
main.api Такой элемент уже есть
main.database.orm_req Добавление еды:
main.api Такой элемент уже есть
main.database.orm_req Добавление еды:
main.api Такой элемент уже есть
main.app Начало работы пользователем - 458092091
main.app Пользователя 458092091 уже существует
main.app Начало работы пользователем - 458092091
main.app Пользователя 458092091 уже существует
main.app Пользователь 458092091 ввел команду --❓ Основные команды--
main.app Пользователь 458092091 ввел команду --Вернуться в главное меню--
main.app Пользователь 458092091 ввел команду --Общая информация 👊--
main.app Пользователь 458092091 ввел команду --Как меня зовут?--
main.app Пользователь 458092091 ввел команду --Что я могу?--
main.app Начало работы пользователем - 458092091
main.app Пользователя 458092091 уже существует
main.app Пользователь 458092091 ввел команду --Общая информация 👊--
main.app Пользователь 458092091 ввел команду --Вернуться в главное меню--
main.app Начало работы пользователем - 458092091
main.app Пользователя 458092091 уже существует
main.app Начало работы пользователем - 458092091
main.app Новый пользователя 458092091
main.app Пользователь 458092091 ввел команду --[tq--
main.app Начало работы пользователем - 458092091
main.app Пользователя 458092091 уже существует
main.app Пользователь 458092091 ввел команду --что мне делать--
main.app Пользователь 458092091 ввел команду --ЧТО МНЕ ДЕЛАТЬ--
main.app Пользователь 458092091 ввел команду --АЛО--
main.app Начало работы пользователем - 458092091
main.app Пользователя 458092091 уже существует
main.app Пользователь 458092091 ввел команду --Общая информация 👊--
main.app Пользователь 458092091 ввел команду --asd--
main.app Пользователь 458092091 ввел команду --привет--
main.app Начало работы пользователем - 418709796
main.app Новый пользователя 418709796
main.app Начало работы пользователем - 458092091
main.app Пользователя 458092091 уже существует
main.app Начало работы пользователем - 418709796
main.app Новый пользователя 418709796
main.app Начало работы пользователем - 418709796
main.app Новый пользователя 418709796
main.app Начало работы пользователем - 418709796
main.app Новый пользователя 418709796
main.app Начало работы пользователем - 418709796
main.app Новый пользователя 418709796
main.app Начало работы пользователем - 418709796
main.app Новый пользователя 418709796
main.app Пользователь - 418709796 обратился с вопросом Что мне делать ?
main.app Пользователь - 418709796 обратился с вопросом Что мне делать ?
main.app Пользователь - 418709796 обратился с вопросом Как так
main.app Начало работы пользователем - 418709796
main.app Новый пользователя 418709796
main.app Начало работы пользователем - 418709796
main.app Новый пользователя 418709796
main.app Начало работы пользователем - 418709796
main.app Новый пользователя 418709796
main.app Начало работы пользователем - 418709796
main.app Новый пользователя 418709796
main.app Пользователь - 418709796 обратился с вопросом Что мне делать
main.app Пользователь - 418709796 обратился с вопросом Вы тут ?
main.app Пользователь - 458092091 обратился с вопросом хую.т
main.app Пользователь - 418709796 обратился с вопросом Влад
main.app Пользователь - 458092091 обратился с вопросом Ей
main.app Пользователь - 458092091 обратился с вопросом ей
main.app Пользователь - 418709796 обратился с вопросом Ей
main.app Начало работы пользователем - 458092091
main.app Новый пользователя 458092091
main.app Начало работы пользователем - 458092091
main.app Начало работы админа - 458092091
main.app Начало работы пользователем - 458092091
main.app Начало работы админа - 458092091
main.app Начало работы пользователем - 458092091
main.app Начало работы админа - Владимир
main.app Начало работы пользователем - 458092091
main.app Начало работы админа - Владимир
main.app Начало работы админа - 458092091
main.app Начало работы админа - 458092091
main.app Начало работы админа - 458092091
main.app Начало работы админа - 458092091
main.app Начало работы пользователем - 458092091
main.app Новый пользователя 458092091
main.app Пользователь - 458092091 обратился с вопросом какой
main.app Начало работы пользователем - 458092091
main.app Новый пользователя 458092091
main.app Начало работы пользователем - 458092091
main.app Новый пользователя 458092091
main.app Пользователь - 458092091 обратился с вопросом фывфыв
main.app Начало работы пользователем - 458092091
main.app Новый пользователя 458092091
main.app Пользователь - 458092091 обратился с вопросом фыв
main.app Пользователь - 458092091 обратился с вопросом None
main.app Пользователь - 458092091 обратился с вопросом None
main.app Пользователь - 458092091 обратился с вопросом None
main.app Пользователь - 458092091 обратился с вопросом alo
main.app Пользователь - 458092091 обратился с вопросом asd
main.app Пользователь - 458092091 обратился с вопросом None
main.app Пользователь - 458092091 обратился с вопросом None
main.app Пользователь - 458092091 обратился с вопросом None
main.app Пользователь - 458092091 обратился с вопросом hello
main.app Пользователь - 458092091 обратился с вопросом asd
main.app Пользователь - 458092091 обратился с вопросом None
main.app Пользователь - 458092091 обратился с вопросом None
main.app Пользователь - 458092091 обратился с вопросом None
main.app Пользователь - 458092091 обратился с вопросом None
main.app Пользователь - 458092091 обратился с вопросом asd
main.app Пользователь - 458092091 обратился с вопросом s
main.app Пользователь - 458092091 обратился с вопросом None
main.app Пользователь - 458092091 обратился с вопросом None
main.app Пользователь - 458092091 обратился с вопросом None
main.app Пользователь - 458092091 обратился с вопросом None
main.app Пользователь - 458092091 обратился с вопросом None
main.app Начало работы пользователем - 418709796
main.app Новый пользователя 418709796
main.app Пользователь - 418709796 обратился с вопросом Привет
main.app Пользователь - 458092091 обратился с вопросом привет
main.app Пользователь - 458092091 обратился с вопросом ага
main.app Пользователь - 418709796 обратился с вопросом Привет
main.app Пользователь - 458092091 обратился с вопросом привет
main.app Начало работы пользователем - 418709796
main.app Новый пользователя 418709796
main.app Пользователь - 418709796 обратился с вопросом Привет
main.app Пользователь - 458092091 обратился с вопросом привет
main.app Начало работы пользователем - 418709796
main.app Пользователя 418709796 уже существует
main.app Пользователь - 418709796 обратился с вопросом Привет
main.app Пользователь - 458092091 обратился с вопросом ghbdtn
main.app Пользователь - 418709796 обратился с вопросом Привет
main.app Пользователь - 418709796 обратился с вопросом У меня есть вопрос
main.app Администратор - 458092091; текст - ghbdtn
main.app Администратор - 458092091; текст - марго
main.app Администратор - 458092091; текст - ты видишь эти сообщения ?
main.app Администратор - 458092091; текст - /history
main.app Администратор - 458092091; текст - марго
main.app Администратор - 458092091; текст - ало
main.app Администратор - 458092091; текст - /history
main.app Администратор - 458092091; текст - /history
main.app Администратор 458092091 ввел команду --/history--
main.app Администратор 458092091 ввел команду --/history--
main.app Администратор 458092091 ввел команду --/history--
main.app Администратор 458092091 ввел команду --/history--
main.app Администратор - 418709796; текст - Вижу
main.app Администратор - 458092091; текст - О норм
main.app Администратор - 458092091; текст - привет
main.app Администратор - 458092091; текст - s
main.app Администратор - 458092091; текст - s
main.app Администратор - 458092091; текст - Ало
main.app Администратор - 458092091; текст - Марго
main.app Администратор - 458092091; текст - Ты тут ?
main.app Администратор 458092091 ввел команду --/history--
main.app Администратор - 458092091; текст - as
main.app Начало работы админа - 458092091
main.app Администратор - 458092091; текст - asda
main.app Администратор - 458092091; текст - asd
main.app Администратор - 458092091; текст - asd
main.app Администратор - 458092091; текст - asd
main.app Администратор - 458092091; текст - asd
main.app Администратор - 458092091; текст - asd
main.app Администратор - 458092091; текст - asd
main.app Администратор - 458092091; текст - asd
main.app Администратор - 458092091; текст - asd
main.app Администратор - 458092091; текст - asd
main.app Администратор - 458092091; текст - asd
main.app Пользователь - 458092091; текст - asd
main.app Пользователь - 458092091; текст - asd
main.app Начало работы пользователем - 458092091
main.app Пользователя 458092091 уже существует
main.app Начало работы пользователем - 458092091
main.app Пользователя 458092091 уже существует
main.app Начало работы пользователем - 458092091
main.app Пользователя 458092091 уже существует
main.app Начало работы пользователем - 458092091
main.app Новый пользователя 458092091
main.app Начало работы админа - 458092091
main.app Начало работы админа - 458092091
main.app Начало работы админа - 458092091
main.app Начало работы пользователем - 418709796
main.app Новый пользователя 418709796
main.app Начало работы пользователем - 418709796
main.app Пользователя 418709796 уже существует
main.app Пользователь - 418709796; текст - Привет
main.app Пользователь - 418709796; текст - Что ты хочешь
main.app Отправлен контакт: 418709796
main.app Отправлен контакт: 418709796
main.app Пользователь - 418709796; текст - Привет
main.app Начало работы пользователем - 1494242683
main.app Новый пользователя 1494242683
main.app Отправлен контакт: 1494242683
main.app Пользователь - 1494242683; текст - Консультация по бренду
main.app Администратор - 458092091; текст - Вот так
main.app Администратор - 458092091; текст - переписываются пользователи админы
main.app Администратор - 458092091; текст - то есть ты теперь админ
main.app Администратор - 458092091; текст - ты можешь видеть что я пишу сюда
main.app Администратор - 1494242683; текст - А Дину добавить
main.app Администратор - 1494242683; текст - Как
main.app Администратор - 458092091; текст - пусть зайдет в бота
main.app Администратор - 458092091; текст - вначале
main.app Администратор - 458092091; текст - функция добавления пользователя еще не сделана
main.app Администратор - 1494242683; текст - Окей
main.app Отправлен контакт: 458092091
main.app Начало работы пользователем - 144520516
main.app Администратор - 458092091; текст - история тоже
main.app Новый пользователя 144520516
main.app Администратор - 1494242683; текст - Бот назвать SUN
main.app Пользователь - 144520516; текст - Поипрооисами
main.app Администратор - 1494242683; текст - SUN bot
main.app Администратор - 458092091; текст - Все
main.app Администратор - 458092091; текст - Динару добавил
main.app Пользователь - 418709796; текст - Я пользователь, мне нужен бот
main.app Отправлен контакт: 418709796
main.app Администратор - 458092091; текст - Вот вы это будете видеть
main.app Администратор - 458092091; текст - это я отправил с аккаунта жены
main.app Отправлен контакт: 144520516
main.app Администратор - 458092091; текст - функция истории и добавления новых админов пока не сделана
main.app Администратор - 144520516; текст - Дублируется 2 раза
main.app Администратор - 1494242683; текст - Сообщение отправлено в службу поддержки. Они ответят вам в ближайшее время.

Чтобы проще было с вами свзяаться пожалуйста отправьте свой контакт !
main.app Администратор - 458092091; текст - да сейчас
main.app Администратор - 458092091; текст - уберу
main.app Администратор - 1494242683; текст - Поменять 

На Спасибо! Передал сообщение команде 🙌
main.app Администратор - 1494242683; текст - Зачем кнопка оставить контакт ?
main.app Администратор - 144520516; текст - зачем кнопка еще контакт оставлять ?
main.app Администратор - 144520516; текст - см бот у брусники
main.app Администратор - 458092091; текст - Некоторым пользователям ты не сможешь написать
main.app Администратор - 458092091; текст - Из-за настроек приватности
main.app Администратор - 458092091; текст - пока они не скинут тебе свой контакт
main.app Администратор - 144520516; текст - куда далее идет контакт и сообщение в видет текста и брифа?
main.app Пользователь - 418709796; текст - Теперь не дублируется
main.app Администратор - 458092091; текст - Он сюда и идет
main.app Администратор - 458092091; текст - Это отправил пользователь
main.app Администратор - 1494242683; текст - А если контакт не оставил через кнопку ? То отображается контакт ?
main.app Администратор - 458092091; текст - Вы сможете только перейти через переслано
main.app Администратор - 458092091; текст - Нет это система безопасности тг
main.app Администратор - 458092091; текст - Вы полный доступ к аккаунту не получите
main.app Администратор - 458092091; текст - только обрезанную версию
main.app Администратор - 458092091; текст - Есть две версии одна с телефоном, другая без
main.app Администратор - 458092091; текст - Когда они отправляют контакт, вы получаете полный доступ
main.app Администратор - 458092091; текст - Да
main.app Администратор - 144520516; текст - Добавить в превью чат бота:
- логотип
- текст: SUN Branding, бренд-консалтинг
main.app Администратор - 1494242683; текст - Сервис-бот бренд-консалтингового агентства SUN. Для оперативной связи с нами по любым вопросам 🙌
main.app Администратор - 458092091; текст - скиньте логотип
main.app Администратор - 144520516; текст - Добавить в превью чат бота:
- логотип
- текст: SUN Branding, бренд-консалтинг
main.app Администратор - 1494242683; текст - Вместо SUV BOT

SUN Branding, бренд-консалтинг
main.app Администратор - 458092091; текст - Да, я понял
main.app Администратор - 1494242683; текст - Сервис-бот бренд-консалтингового агентства SUN. Для оперативной связи с нами по любым вопросам 🙌
main.app Администратор - 1494242683; текст - Не так
main.app Администратор - 1494242683; текст - Ок Дина жду
main.app Администратор - 458092091; текст - Вот что видит пользователь еслли аккаунт скрыт
main.app Администратор - 458092091; текст - Я не могу перейти к тебе в личные сообщения
main.app Администратор - 458092091; текст - для этого я и добавил отправить контакт
main.app Администратор - 1494242683; текст - Поняла
main.app Администратор - 144520516; текст - Сервис-бот бренд-консалтингового агентства "SUN Branding". Для оперативной связи с нами по любым вопросам 🙌
main.app Администратор - 1494242683; текст - Сервис-бот бренд-консалтингового агентства «SUN Branding». Для оперативной связи с нами по любым вопросам 🙌
main.app Администратор - 1494242683; текст - Текст вот
main.app Администратор - 1494242683; текст - Вова 
Этот текст 
Пожалуйста 


Сервис-бот бренд-консалтингового агентства «SUN Branding». Для оперативной связи с нами по любым вопросам 🙌
main.app Администратор - 458092091; текст - Этот текст куда именно добавить в приветствие ?
main.app Администратор - 144520516; текст - Володя, пока все. Стояна убегает.
Если что , позже отпишем.
main.app Администратор - 458092091; текст - Уже добавил
main.app Администратор - 144520516; текст - Это в описание, см как у Брусники:
main.app Администратор - 1494242683; текст - Супер
main.app Администратор - 1494242683; текст - Спасибо
main.app Администратор - 458092091; текст - Так лучше ?
main.app Администратор - 144520516; текст - Володя, поставть плиз этот текст:

Привет, имя ! Я – Солнечный бот компании SUN Branding. Рад знакомству! 

Коротко о нас. Создавая смыслы, раскрываем лучшее в людях и компаниях! 

Более 1500 запусков и реструктуризации брендов и коммуникаций.

С 2003 года мы создаем бренд-стратегии для бизнеса, проводим консультации, бренд-сессии и ведем наставничество. С 2018 года занимаемся личным брендингом персон. 


Презентацию с видео-кейсами можно посмотреть по ссылке:
main.app Администратор - 144520516; текст - Вот так даже…
main.app Администратор - 458092091; текст - Хорошо, пока что отошел
main.app Администратор - 1494242683; текст - Владимир

Хорошо, пока что отошел

Может просто имя
main.app Начало работы пользователем - 6055085362
main.app Новый пользователя 6055085362
main.app Пользователь - 6055085362; текст - Уонсу
main.app Пользователь - 6055085362; текст - Консультация
main.app Администратор - 144520516; текст - Берём!
main.app Администратор - 458092091; текст - Нижнюю строчку мне оставить ? 
✅ Чем мы можем быть тебе полезны? Опиши свою задачу в паре слов или прикрепи бриф. Я сразу же передам это команде.
main.app Администратор - 144520516; текст - Стояна, мож сделать фильтр выбор с переходом :
- личный бренд 
- консалтинг для бизнеса
- старт сессия, наставничество
main.app Начало работы пользователем - 418709796
main.app Пользователя 418709796 уже существует
main.app Начало работы пользователем - 418709796
main.app Пользователя 418709796 уже существует
main.app Начало работы пользователем - 100930827
main.app Новый пользователя 100930827
main.app Начало работы пользователем - 418709796
main.app Пользователя 418709796 уже существует
main.app Администратор - 144520516; текст - ✅ Напиши о своей задаче в паре слов или прикрепи бриф. Я сразу же передам это команде."
main.app Администратор - 144520516; текст - Этот порядок ровно в тексте , плиз.
main.app Отправлен контакт: 100930827
main.app Начало работы админа - 458092091
main.app Админ - 458092091| команда - /show_all_user
main.app Админ - 458092091| команда - /show_all_user
main.app Админ - 458092091| команда - /show_all_user
main.app Админ - 458092091| команда - /show_all_user
main.app Админ - 458092091| команда - /show_all_user
main.app Админ - 458092091| команда - /show_all_user
main.app Админ - 458092091| команда - /show_all_user
main.app Админ - 458092091| команда - /show_all_user
main.app Начало работы админа - 458092091
main.app Админ - 458092091| команда - /show_all_user
main.app Админ - 458092091| команда - /show_all_user
main.app Админ - 458092091| команда - /add_admin
main.app Администратор - 458092091; текст - 418709796
main.app Админ - 458092091| команда - /add_admin
main.app Админ - 458092091| команда - /add_admin
main.app Админ - 458092091| команда - /add_admin
main.app Админ - 458092091| команда - /add_admin
main.app Админ - 458092091| команда - /add_admin
main.app Админ - 458092091| команда - /add_admin
main.app Админ - 458092091| команда - /add_admin
main.app Администратор - 144520516; текст - https://t.me/SunBranding_bot

Vhvvv go v
main.app Админ - 458092091| команда - /help
main.app Админ - 458092091| команда - /help
main.app Админ - 458092091| команда - /help
main.app Админ - 458092091| команда - /show_all_user
main.app Админ - 458092091| команда - /history
main.app Админ - 458092091| команда - /history
main.app Админ - 458092091| команда - /history
main.app Админ - 458092091| команда - /history
main.app Админ - 458092091| команда - /history
main.app Админ - 458092091| команда - /history
main.app Админ - 458092091| команда - /history
main.app Админ - 458092091| команда - /history
main.app Админ - 458092091| команда - /history
main.app Админ - 458092091| команда - /history
main.app Админ - 458092091| команда - /history
main.app Админ - 458092091| команда - /history
main.app Пользователь - 458092091; текст - тест
main.app Админ - 458092091| команда - /history
main.app Администратор - 458092091; текст - Перезапустите бота командой /start
main.app Админ - 458092091| команда - /help
main.app Администратор - 458092091; текст - Добавил 4 команды для админов
main.app Админ - 458092091| команда - /help
main.app Начало работы пользователем - 458092091
main.app Пользователя 458092091 уже существует
main.app Начало работы админа - 458092091
main.app Администратор - 458092091; текст - Вы зря начали рассылать этого бота другим людям, потому что я дал вам его для теста, его надо еще отправить на удаленный сервер, чтобы он работал 24/7, пока что он работает до выключения моего компьютера
main.app Администратор - 144520516; текст - Start
main.app Администратор - 144520516; текст - Не начали рассылку. 
Это свои.
main.app Начало работы админа - 144520516
main.app Начало работы админа - 144520516
main.app Админ - 144520516| команда - /help
main.app Админ - 144520516| команда - /show_all_user
main.app Админ - 144520516| команда - /history
main.app Админ - 144520516| команда - /add_admin
main.app Начало работы админа - 1494242683
main.app Админ - 1494242683| команда - /history
main.app Начало работы админа - 1494242683
main.app Админ - 1494242683| команда - /add_admin
main.app Админ - 144520516| команда - /history
main.app Админ - 1494242683| команда - /history
main.app Админ - 1494242683| команда - /show_all_user
main.app Админ - 1494242683| команда - /help
main.app Начало работы пользователем - 458092091
main.app Пользователя 458092091 уже существует
main.app Пользователь - 458092091; текст - БРЕНД-КОНСАЛТИНГ ДЛЯ СРЕДНЕГО И МАЛОГО БИЗНЕСА
main.app Пользователь - 458092091; текст - ПЕРСОНАЛЬНЫЙ БРЕНДИНГ
main.app Пользователь - 458092091; текст - БРЕНД-СЕССИИ, НАСТАВНИЧЕСТВО
main.app Начало работы пользователем - 458092091
main.app Пользователя 458092091 уже существует
main.app Начало работы пользователем - 458092091
main.app Пользователя 458092091 уже существует
main.app Начало работы пользователем - 458092091
main.app Пользователя 458092091 уже существует
main.app Админ - 1494242683| команда - /show_all_user
main.app Админ - 1494242683| команда - /add_admin
main.app Администратор - 1494242683; текст - 458092091
main.app Админ - 1494242683| команда - /show_all_user
main.app Админ - 1494242683| команда - /add_admin
main.app Админ - 1494242683| команда - /show_all_user
main.app Начало работы админа - 458092091
main.app Начало работы админа - 1494242683
main.app Админ - 1494242683| команда - /delete_admin
main.app Админ - 458092091| команда - /show_all_user
main.app Админ - 458092091| команда - /show_all_user
main.app Начало работы админа - 1494242683
main.app Админ - 1494242683| команда - /add_admin
main.app Админ - 458092091| команда - /delete_admin
main.app Админ - 458092091| команда - /add_admin
main.app Админ - 458092091| команда - /history
main.app Начало работы админа - 1494242683
main.app Админ - 1494242683| команда - /history
main.app Админ - 458092091| команда - /show_all_user
main.app Начало работы админа - 1494242683
main.app Начало работы админа - 1494242683
main.app Админ - 458092091| команда - /show_all_user
main.app Админ - 458092091| команда - /history
main.app Админ - 1494242683| команда - /history
main.app Админ - 458092091| команда - /history
main.app Админ - 1494242683| команда - /history
main.app Админ - 458092091| команда - /show_all_user
main.app Начало работы админа - 1494242683
main.app Админ - 458092091| команда - /show_all_user
main.app Админ - 144520516| команда - /show_all_user
main.app Админ - 144520516| команда - /show_all_user
main.app Админ - 144520516| команда - /history
main.app Отправлен контакт: 6055085362
main.app Начало работы пользователем - 6055085362
main.app Пользователя 6055085362 уже существует
main.app Начало работы пользователем - 6055085362
main.app Пользователя 6055085362 уже существует
main.app Начало работы пользователем - 6055085362
main.app Пользователя 6055085362 уже существует
main.app Начало работы админа - 1494242683
main.app Начало работы админа - 458092091
main.app Админ - 458092091| команда - /show_all_user
main.app Начало работы пользователем - 458092091
main.app Пользователя 458092091 уже существует
main.app Начало работы пользователем - 458092091
main.app Пользователя 458092091 уже существует
main.app Пользователь - 458092091; текст - привет
main.app Администратор - 458092091; текст - Все сделал, проверяйте
main.app Начало работы админа - 458092091
main.app Администратор - 1494242683; текст - Ok
main.app Администратор - 144520516; текст - По грамот
main.app Администратор - 1494242683; текст - Заменить текст
main.app Администратор - 1494242683; текст - Сервис-бот бренд-консалтингового агентства «SUN Branding» https://sunbranding.ru. Для оперативной связи с нами по любым вопросам брендинга 🙌
main.app Администратор - 458092091; текст - Много строк, так не сохраняется
main.app Администратор - 1494242683; текст - Сервис-бот бренд-консалтингового агентства «SUN Branding» https://sunbranding.ru.
main.app Администратор - 1494242683; текст - Вот так лучше
main.app Администратор - 458092091; текст - Готово
main.app Начало работы админа - 1494242683
main.app Администратор - 1494242683; текст - Сервис-бот бренд-консалтингового агентства «SUN Branding». Для оперативной связи с нами по вопросам брендинга🙌
main.app Админ - 1494242683| команда - /history
main.app Админ - 1494242683| команда - /show_all_user
main.app Админ - 1494242683| команда - /help
main.app Админ - 1494242683| команда - /show_all_user
main.app Начало работы пользователем - 1494242683
main.app Пользователя 1494242683 уже существует
main.app Отправлен контакт: 1494242683
main.app Начало работы пользователем - 1494242683
main.app Пользователя 1494242683 уже существует
main.app Пользователь - 1494242683; текст - Боты
main.app Отправлен контакт: 1494242683
main.app Пользователь - 418709796; текст - Тест
main.app Администратор - 458092091; текст - Прием
main.app Администратор - 458092091; текст - Привет
main.app Пользователь № 144520516 не найден
main.app Пользователь № 1494242683 не найден
main.app Пользователь - 418709796; текст - Привет
main.app Пользователь № 144520516 не найден
main.app Пользователь № 1494242683 не найден
main.app Отправлен контакт: 418709796
main.app Отправлен контакт: 418709796
main.app Отправлен контакт: 418709796
main.app Пользователь № 144520516 не найден
main.app Пользователь № 1494242683 не найден
